<?xml version="1.0" encoding="UTF-8"?>
<!-- Generated by org.testng.reporters.JUnitXMLReporter -->
<testsuite hostname="SIT-PC" ignored="0" name="Test" tests="3" failures="0" timestamp="06 Apr 2019 14:41:57 GMT" time="100.546" errors="0">
  <testcase name="selectProperty" time="0.27" classname="com.crm.Tests.SearchPageTest"/>
  <testcase name="sortByPrice" time="0.901" classname="com.crm.Tests.SearchPageTest"/>
  <testcase name="validateAgentName" time="0.107" classname="com.crm.Tests.AgentPageTest"/>
</testsuite> <!-- Test -->
